<?xml version="1.0" encoding="UTF-8"?>
<!-- Generated by org.testng.reporters.JUnitReportReporter -->
<testsuite hostname="LAPTOP-29KQP31O" failures="0" tests="1" name="com.simplilearn.testing.AssertionExample" time="2.015" errors="0" timestamp="2022-09-28T13:07:11 IST" skipped="0">
  <testcase classname="com.simplilearn.testing.AssertionExample" name="TitleTest" time="2.015"/>
  <system-out/>
</testsuite> <!-- com.simplilearn.testing.AssertionExample -->
