<?xml version="1.0" encoding="UTF-8"?>
<!-- Generated by org.testng.reporters.JUnitReportReporter -->
<testsuite hostname="LAPTOP-29KQP31O" failures="0" tests="1" name="com.simplilearn.testing.FacebookLogin" time="2.800" errors="0" timestamp="2022-09-28T13:07:11 IST" skipped="0">
  <testcase classname="com.simplilearn.testing.FacebookLogin" name="facebook" time="2.800"/>
  <system-out/>
</testsuite> <!-- com.simplilearn.testing.FacebookLogin -->
