<?xml version="1.0" encoding="UTF-8"?>
<!-- Generated by org.testng.reporters.JUnitReportReporter -->
<testsuite hostname="LAPTOP-29KQP31O" failures="0" tests="2" name="com.simplilearn.testing.FirstDemo" time="0.002" errors="0" timestamp="2022-09-28T13:07:11 IST" skipped="0">
  <testcase classname="com.simplilearn.testing.FirstDemo" name="Hello1" time="0.001"/>
  <system-out/>
  <testcase classname="com.simplilearn.testing.FirstDemo" name="Hello" time="0.001"/>
  <system-out/>
</testsuite> <!-- com.simplilearn.testing.FirstDemo -->
